#
# There is insufficient memory for the Java Runtime Environment to continue.
# Native memory allocation (malloc) failed to allocate 1048576 bytes for AllocateHeap
# Possible reasons:
#   The system is out of physical RAM or swap space
#   The process is running with CompressedOops enabled, and the Java Heap may be blocking the growth of the native heap
# Possible solutions:
#   Reduce memory load on the system
#   Increase physical memory or swap space
#   Check if swap backing store is full
#   Decrease Java heap size (-Xmx/-Xms)
#   Decrease number of Java threads
#   Decrease Java thread stack sizes (-Xss)
#   Set larger code cache with -XX:ReservedCodeCacheSize=
#   JVM is running with Unscaled Compressed Oops mode in which the Java heap is
#     placed in the first 4GB address space. The Java Heap base address is the
#     maximum limit for the native heap growth. Please use -XX:HeapBaseMinAddress
#     to set the Java Heap base and to place the Java Heap above 4GB virtual address.
# This output file may be truncated or incomplete.
#
#  Out of Memory Error (memory/allocation.inline.hpp:61), pid=20368, tid=0x00000000000015f8
#
# JRE version:  (8.0_241-b07) (build )
# Java VM: Java HotSpot(TM) 64-Bit Server VM (25.241-b07 mixed mode windows-amd64 compressed oops)
# Failed to write core dump. Minidumps are not enabled by default on client versions of Windows
#

---------------  T H R E A D  ---------------

Current thread (0x0000000002dd2800):  JavaThread "Unknown thread" [_thread_in_vm, id=5624, stack(0x0000000002cd0000,0x0000000002dd0000)]

Stack: [0x0000000002cd0000,0x0000000002dd0000]
[error occurred during error reporting (printing stack bounds), id 0xc0000005]

Native frames: (J=compiled Java code, j=interpreted, Vv=VM code, C=native code)


---------------  P R O C E S S  ---------------

Java Threads: ( => current thread )

Other Threads:

=>0x0000000002dd2800 (exited) JavaThread "Unknown thread" [_thread_in_vm, id=5624, stack(0x0000000002cd0000,0x0000000002dd0000)]

VM state:not at safepoint (normal execution)

VM Mutex/Monitor currently owned by a thread: None

heap address: 0x00000000c1c00000, size: 996 MB, Compressed Oops mode: 32-bit
Narrow klass base: 0x0000000000000000, Narrow klass shift: 3
Compressed class space size: 1073741824 Address: 0x0000000100000000

Heap:
 PSYoungGen      total 18944K, used 327K [0x00000000eb400000, 0x00000000ec900000, 0x0000000100000000)
  eden space 16384K, 2% used [0x00000000eb400000,0x00000000eb451ec8,0x00000000ec400000)
  from space 2560K, 0% used [0x00000000ec680000,0x00000000ec680000,0x00000000ec900000)
  to   space 2560K, 0% used [0x00000000ec400000,0x00000000ec400000,0x00000000ec680000)
 ParOldGen       total 44032K, used 0K [0x00000000c1c00000, 0x00000000c4700000, 0x00000000eb400000)
  object space 44032K, 0% used [0x00000000c1c00000,0x00000000c1c00000,0x00000000c4700000)
 Metaspace       used 752K, capacity 4480K, committed 4480K, reserved 1056768K
  class space    used 76K, capacity 384K, committed 384K, reserved 1048576K

Card table byte_map: [0x0000000012290000,0x0000000012490000] byte_map_base: 0x0000000011c82000

Marking Bits: (ParMarkBitMap*) 0x000000006506be30
 Begin Bits: [0x00000000129e0000, 0x0000000013970000)
 End Bits:   [0x0000000013970000, 0x0000000014900000)

Polling page: 0x0000000001350000

CodeCache: size=245760Kb used=328Kb max_used=328Kb free=245431Kb
 bounds [0x0000000002ed0000, 0x0000000003140000, 0x0000000011ed0000]
 total_blobs=58 nmethods=0 adapters=38
 compilation: enabled

Compilation events (0 events):
No events

GC Heap History (0 events):
No events

Deoptimization events (0 events):
No events

Classes redefined (0 events):
No events

Internal exceptions (0 events):
No events

Events (10 events):
Event: 0.042 loading class java/lang/Short
Event: 0.042 loading class java/lang/Short done
Event: 0.042 loading class java/lang/Integer
Event: 0.043 loading class java/lang/Integer done
Event: 0.043 loading class java/lang/Long
Event: 0.043 loading class java/lang/Long done
Event: 0.044 loading class java/lang/NullPointerException
Event: 0.044 loading class java/lang/NullPointerException done
Event: 0.044 loading class java/lang/ArithmeticException
Event: 0.044 loading class java/lang/ArithmeticException done


Dynamic libraries:
0x00007ff70d850000 - 0x00007ff70d887000 	C:\Program Files\Java\jre1.8.0_241\bin\java.exe
0x00007ffc709b0000 - 0x00007ffc70ba5000 	C:\WINDOWS\SYSTEM32\ntdll.dll
0x00007ffc6f8d0000 - 0x00007ffc6f98e000 	C:\WINDOWS\System32\KERNEL32.DLL
0x00007ffc6e0c0000 - 0x00007ffc6e388000 	C:\WINDOWS\System32\KERNELBASE.dll
0x00007ffc70690000 - 0x00007ffc7073e000 	C:\WINDOWS\System32\ADVAPI32.dll
0x00007ffc6eac0000 - 0x00007ffc6eb5e000 	C:\WINDOWS\System32\msvcrt.dll
0x00007ffc6ec10000 - 0x00007ffc6ecac000 	C:\WINDOWS\System32\sechost.dll
0x00007ffc70380000 - 0x00007ffc704a5000 	C:\WINDOWS\System32\RPCRT4.dll
0x00007ffc707d0000 - 0x00007ffc70970000 	C:\WINDOWS\System32\USER32.dll
0x00007ffc6e900000 - 0x00007ffc6e922000 	C:\WINDOWS\System32\win32u.dll
0x00007ffc6eb60000 - 0x00007ffc6eb8b000 	C:\WINDOWS\System32\GDI32.dll
0x00007ffc6e640000 - 0x00007ffc6e74d000 	C:\WINDOWS\System32\gdi32full.dll
0x00007ffc6e960000 - 0x00007ffc6e9fd000 	C:\WINDOWS\System32\msvcp_win.dll
0x00007ffc6e540000 - 0x00007ffc6e640000 	C:\WINDOWS\System32\ucrtbase.dll
0x00007ffc5c2c0000 - 0x00007ffc5c55a000 	C:\WINDOWS\WinSxS\amd64_microsoft.windows.common-controls_6595b64144ccf1df_6.0.19041.1110_none_60b5254171f9507e\COMCTL32.dll
0x00007ffc704b0000 - 0x00007ffc704e0000 	C:\WINDOWS\System32\IMM32.DLL
0x00000000650f0000 - 0x00000000651c2000 	C:\Program Files\Java\jre1.8.0_241\bin\msvcr100.dll
0x0000000064840000 - 0x00000000650ec000 	C:\Program Files\Java\jre1.8.0_241\bin\server\jvm.dll
0x00007ffc6ea00000 - 0x00007ffc6ea08000 	C:\WINDOWS\System32\PSAPI.DLL
0x00007ffc5f3c0000 - 0x00007ffc5f3e7000 	C:\WINDOWS\SYSTEM32\WINMM.dll
0x00007ffc66e30000 - 0x00007ffc66e3a000 	C:\WINDOWS\SYSTEM32\VERSION.dll
0x00007ffc68ff0000 - 0x00007ffc68ff9000 	C:\WINDOWS\SYSTEM32\WSOCK32.dll
0x00007ffc6f800000 - 0x00007ffc6f86b000 	C:\WINDOWS\System32\WS2_32.dll
0x00007ffc65ea0000 - 0x00007ffc65eaf000 	C:\Program Files\Java\jre1.8.0_241\bin\verify.dll
0x00007ffc4cbe0000 - 0x00007ffc4cc09000 	C:\Program Files\Java\jre1.8.0_241\bin\java.dll
0x00007ffc5e8c0000 - 0x00007ffc5e8d6000 	C:\Program Files\Java\jre1.8.0_241\bin\zip.dll

VM Arguments:
java_command: normalization
java_class_path (initial): C:\Users\User\AppData\Roaming\Code\User\workspaceStorage\f26a5e635d2477892b6eee13af045259\redhat.java\jdt_ws\Java Tokenization_dc2fd456\bin
Launcher Type: SUN_STANDARD

Environment Variables:
PATH=C:\CS Program Files Only\Applications Exe Folders\Python310\Scripts\;C:\CS Program Files Only\Applications Exe Folders\Python310\;C:\Python39\Scripts\;C:\Python39\;C:\Python38\Scripts\;C:\Python38\;C:\Program Files (x86)\Common Files\Oracle\Java\javapath;C:\ProgramData\Oracle\Java\javapath;C:\WINDOWS\system32;C:\WINDOWS;C:\WINDOWS\System32\Wbem;C:\WINDOWS\System32\WindowsPowerShell\v1.0\;C:\WINDOWS\System32\OpenSSH\;C:\Program Files (x86)\Windows Live\Shared;C:\Program Files\Microsoft\Web Platform Installer\;C:\Program Files (x86)\Microsoft ASP.NET\ASP.NET Web Pages\v1.0\;C:\Program Files\Microsoft SQL Server\110\Tools\Binn\;C:\ProgramData\chocolatey\bin;C:\CS Program Files Only\Applications Exe Folders\Git\cmd;C:\CS Program Files Only\Applications Exe Folders\nvm;C:\Program Files\nodejs;C:\msys64\mingw64\bin;C:\msys64\mingw64\bin;C:\Users\User\AppData\Roaming\ActiveState\bin;C:\Program Files (x86)\Common Files\Oracle\Java\javapath;C:\ProgramData\Oracle\Java\javapath;C:\Windows\system32;C:\Windows;C:\Windows\System32\Wbem;C:\Windows\System32\WindowsPowerShell\v1.0\;C:\Windows\System32\OpenSSH\;C:\Program Files (x86)\Windows Live\Shared;C:\Program Files\Microsoft\Web Platform Installer\;C:\Program Files (x86)\Microsoft ASP.NET\ASP.NET Web Pages\v1.0\;C:\Program Files (x86)\Windows Kits\8.0\Windows Performance Toolkit\;C:\Program Files\Microsoft SQL Server\110\Tools\Binn\;C:\CS Program Files Only\Applications Exe Folders\Microsoft VS Code\bin;C:\CS Program Files Only\Applications Exe Folders\WebStorm 2020.1\bin;;C:\Users\User\AppData\Local\Microsoft\WindowsApps;C:\Users\User\AppData\Roaming\npm;C:\CS Program Files Only\Applications Exe Folders\nvm;C:\Program Files\nodejs;C:\Python39\Scripts\;
USERNAME=User
OS=Windows_NT
PROCESSOR_IDENTIFIER=Intel64 Family 6 Model 142 Stepping 9, GenuineIntel



---------------  S Y S T E M  ---------------

OS: Windows 10.0 , 64 bit Build 19041 (10.0.19041.1503)

CPU:total 4 (initial active 4) (2 cores per cpu, 2 threads per core) family 6 model 142 stepping 9, cmov, cx8, fxsr, mmx, sse, sse2, sse3, ssse3, sse4.1, sse4.2, popcnt, avx, avx2, aes, clmul, erms, 3dnowpref, lzcnt, ht, tsc, tscinvbit, bmi1, bmi2, adx

Memory: 4k page, physical 4073712k(330480k free), swap 13865000k(4384k free)

vm_info: Java HotSpot(TM) 64-Bit Server VM (25.241-b07) for windows-amd64 JRE (1.8.0_241-b07), built on Dec 11 2019 10:21:40 by "rejava" with MS VC++ 10.0 (VS2010)

time: Tue Mar 08 17:45:16 2022
timezone: Malay Peninsula Standard Time
elapsed time: 0 seconds (0d 0h 0m 0s)

